<?xml version="1.0" encoding="UTF-8"?>
<!-- Generated by org.testng.reporters.JUnitReportReporter -->
<testsuite skipped="0" hostname="FTS-DSK-020" name="com.org.mavenproject.Login" tests="1" failures="0" timestamp="10 Jul 2017 04:44:15 GMT" time="22.144" errors="0">
  <testcase name="login" time="22.144" classname="com.org.mavenproject.Login"/>
</testsuite> <!-- com.org.mavenproject.Login -->
