<?xml version="1.0" encoding="UTF-8"?>
<!-- Generated by org.testng.reporters.JUnitReportReporter -->
<testsuite skipped="0" hostname="FTS-DSK-020" name="Test.LoginTest" tests="1" failures="0" timestamp="26 Jul 2017 06:28:37 GMT" time="12.253" errors="0">
  <testcase name="Login" time="12.253" classname="Test.LoginTest"/>
</testsuite> <!-- Test.LoginTest -->
