<?xml version="1.0" encoding="UTF-8"?>
<!-- Generated by org.testng.reporters.JUnitReportReporter -->
<testsuite skipped="0" hostname="FTS-DSK-020" name="Test.NewTest" tests="1" failures="0" timestamp="11 Jul 2017 04:24:21 GMT" time="3.345" errors="0">
  <testcase name="f" time="3.345" classname="Test.NewTest"/>
</testsuite> <!-- Test.NewTest -->
