<?xml version="1.0" encoding="UTF-8"?>
<!-- Generated by org.testng.reporters.JUnitReportReporter -->
<testsuite skipped="0" hostname="FTS-DSK-020" name="Test.ExcelLoginTest" tests="1" failures="0" timestamp="26 Jul 2017 10:20:37 GMT" time="17.535" errors="0">
  <testcase name="ExcelLogin" time="17.535" classname="Test.ExcelLoginTest"/>
</testsuite> <!-- Test.ExcelLoginTest -->
